#
# A fatal error has been detected by the Java Runtime Environment:
#
#  EXCEPTION_ACCESS_VIOLATION (0xc0000005) at pc=0x76f363f8, pid=5564, tid=5640
#
# JRE version: 6.0_21-b07
# Java VM: Java HotSpot(TM) Client VM (17.0-b17 mixed mode, sharing windows-x86 )
# Problematic frame:
# C  [ntdll.dll+0x563f8]
#
# If you would like to submit a bug report, please visit:
#   http://java.sun.com/webapps/bugreport/crash.jsp
#

---------------  T H R E A D  ---------------

Current thread (0x012cdc00):  VMThread [stack: 0x03c90000,0x03ce0000] [id=5640]

siginfo: ExceptionCode=0xc0000005, reading address 0x01010280

Registers:
EAX=0x09137ae0, EBX=0x00000000, ECX=0x01010280, EDX=0x0911bb68
ESP=0x03cdf92c, EBP=0x03cdfa0c, ESI=0x0911bb60, EDI=0x090e0000
EIP=0x76f363f8, EFLAGS=0x00010246

Top of Stack: (sp=0x03cdf92c)
0x03cdf92c:   75305753 00000000 090e0000 0911bb68
0x03cdf93c:   03cdfa28 76efe115 00110010 76e1f1ea
0x03cdf94c:   00000000 76d60000 09137ae0 00221bc0
0x03cdf95c:   76e1f1e4 090e0000 090e0150 03cdf9dc
0x03cdf96c:   03cdfa28 090e0150 02000002 fffffffe
0x03cdf97c:   11000011 76f3f92a 00221eb8 00000000
0x03cdf98c:   00000003 03cdf9d4 00000011 00000011
0x03cdf99c:   76f3f9b2 25000124 76f3f978 75305767 

Instructions: (pc=0x76f363f8)
0x76f363e8:   e0 0f 87 87 3d 03 00 8d 56 08 89 55 c4 8b 48 04
0x76f363f8:   8b 19 3b d8 0f 85 7b 3d 03 00 89 02 89 4a 04 89 


Stack: [0x03c90000,0x03ce0000],  sp=0x03cdf92c,  free space=13e03cdf488k
Native frames: (J=compiled Java code, j=interpreted, Vv=VM code, C=native code)
C  [ntdll.dll+0x563f8]
C  [ntdll.dll+0x56536]
C  [kernel32.dll+0x4c3d4]
C  [MSVCR80.dll+0x4c39]

VM_Operation (0x0752f4f0): Exit, mode: safepoint, requested by thread 0x03f74400


---------------  P R O C E S S  ---------------

Java Threads: ( => current thread )
  0x0138d400 JavaThread "UmbrellaTSS-Service" [_thread_blocked, id=4532, stack(0x07ad0000,0x07b20000)]
  0x0138d000 JavaThread "TimerQueue" daemon [_thread_blocked, id=5160, stack(0x07760000,0x077b0000)]
  0x03fc2400 JavaThread "Keep-Alive-Timer" daemon [_thread_blocked, id=5596, stack(0x07440000,0x07490000)]
  0x03f74400 JavaThread "AWT-EventQueue-0" [_thread_blocked, id=5524, stack(0x074e0000,0x07530000)]
  0x03f1bc00 JavaThread "AWT-Shutdown" [_thread_blocked, id=5592, stack(0x042c0000,0x04310000)]
  0x03f1b400 JavaThread "Java2D Disposer" daemon [_thread_blocked, id=5556, stack(0x04270000,0x042c0000)]
  0x01322c00 JavaThread "Low Memory Detector" daemon [_thread_blocked, id=5632, stack(0x03e70000,0x03ec0000)]
  0x01322000 JavaThread "CompilerThread0" daemon [_thread_blocked, id=5616, stack(0x03e20000,0x03e70000)]
  0x0131a400 JavaThread "Attach Listener" daemon [_thread_blocked, id=5580, stack(0x03dd0000,0x03e20000)]
  0x01316c00 JavaThread "Signal Dispatcher" daemon [_thread_blocked, id=5568, stack(0x03d80000,0x03dd0000)]
  0x012d0400 JavaThread "Finalizer" daemon [_thread_blocked, id=5644, stack(0x03d30000,0x03d80000)]
  0x012cf000 JavaThread "Reference Handler" daemon [_thread_blocked, id=4996, stack(0x03ce0000,0x03d30000)]
  0x013f9800 JavaThread "main" [_thread_blocked, id=5444, stack(0x00030000,0x00080000)]

Other Threads:
=>0x012cdc00 VMThread [stack: 0x03c90000,0x03ce0000] [id=5640]

VM state:at safepoint (shutting down)

VM Mutex/Monitor currently owned by a thread:  ([mutex/lock_event])
[0x013f7cb8] Threads_lock - owner thread: 0x012cdc00

Heap
 def new generation   total 39296K, used 15477K [0x13bc0000, 0x16660000, 0x1e660000)
  eden space 34944K,  31% used [0x13bc0000, 0x1469e0f8, 0x15de0000)
  from space 4352K,  99% used [0x16220000, 0x1665f650, 0x16660000)
  to   space 4352K,   0% used [0x15de0000, 0x15de0000, 0x16220000)
 tenured generation   total 87424K, used 3289K [0x1e660000, 0x23bc0000, 0x33bc0000)
   the space 87424K,   3% used [0x1e660000, 0x1e996788, 0x1e996800, 0x23bc0000)
 compacting perm gen  total 12288K, used 4999K [0x33bc0000, 0x347c0000, 0x37bc0000)
   the space 12288K,  40% used [0x33bc0000, 0x340a1d58, 0x340a1e00, 0x347c0000)
    ro space 10240K,  51% used [0x37bc0000, 0x380eb700, 0x380eb800, 0x385c0000)
    rw space 12288K,  54% used [0x385c0000, 0x38c576c0, 0x38c57800, 0x391c0000)

Dynamic libraries:
0x00400000 - 0x00454000 	C:\Users\namnh00903\Desktop\tinyumbrella-5.11.01.exe
0x76ee0000 - 0x7701c000 	C:\Windows\SYSTEM32\ntdll.dll
0x76d60000 - 0x76e34000 	C:\Windows\system32\kernel32.dll
0x75320000 - 0x7536a000 	C:\Windows\system32\KERNELBASE.dll
0x75390000 - 0x75430000 	C:\Windows\system32\ADVAPI32.DLL
0x76960000 - 0x76a0c000 	C:\Windows\system32\msvcrt.dll
0x76e80000 - 0x76e99000 	C:\Windows\SYSTEM32\sechost.dll
0x761c0000 - 0x76261000 	C:\Windows\system32\RPCRT4.dll
0x73f50000 - 0x740ee000 	C:\Windows\WinSxS\x86_microsoft.windows.common-controls_6595b64144ccf1df_6.0.7601.17514_none_41e6975e2bd6f2b2\COMCTL32.DLL
0x765c0000 - 0x7660e000 	C:\Windows\system32\GDI32.dll
0x76830000 - 0x768f9000 	C:\Windows\system32\USER32.dll
0x77020000 - 0x7702a000 	C:\Windows\system32\LPK.dll
0x76520000 - 0x765bd000 	C:\Windows\system32\USP10.dll
0x767d0000 - 0x76827000 	C:\Windows\system32\SHLWAPI.dll
0x75440000 - 0x7608a000 	C:\Windows\system32\SHELL32.DLL
0x75370000 - 0x7538f000 	C:\Windows\system32\IMM32.DLL
0x76a10000 - 0x76adc000 	C:\Windows\system32\MSCTF.dll
0x6d800000 - 0x6daa7000 	c:\program files\java\jre6\bin\client\jvm.dll
0x6e830000 - 0x6e862000 	C:\Windows\system32\WINMM.dll
0x7c340000 - 0x7c396000 	C:\Windows\system32\MSVCR71.dll
0x74fa0000 - 0x74fec000 	C:\Windows\system32\apphelp.dll
0x6d7b0000 - 0x6d7bc000 	c:\program files\java\jre6\bin\verify.dll
0x6d330000 - 0x6d34f000 	c:\program files\java\jre6\bin\java.dll
0x6d290000 - 0x6d298000 	c:\program files\java\jre6\bin\hpi.dll
0x761b0000 - 0x761b5000 	C:\Windows\system32\PSAPI.DLL
0x6d7f0000 - 0x6d7ff000 	c:\program files\java\jre6\bin\zip.dll
0x6d000000 - 0x6d14a000 	C:\Program Files\Java\jre6\bin\awt.dll
0x04110000 - 0x04161000 	C:\Windows\system32\WINSPOOL.DRV
0x76c00000 - 0x76d5c000 	C:\Windows\system32\ole32.dll
0x72fc0000 - 0x72fd3000 	C:\Windows\system32\DWMAPI.DLL
0x73c90000 - 0x73cd0000 	C:\Windows\system32\uxtheme.dll
0x6d230000 - 0x6d284000 	C:\Program Files\Java\jre6\bin\fontmanager.dll
0x10000000 - 0x10012000 	E:\Software\RocketDock\RocketDock.dll
0x74ff0000 - 0x74ffc000 	C:\Windows\system32\CRYPTBASE.dll
0x74570000 - 0x74579000 	C:\Windows\system32\VERSION.dll
0x6ba10000 - 0x6bad6000 	C:\Windows\system32\aticfx32.dll
0x64d70000 - 0x64d7b000 	C:\Windows\system32\atiu9pag.dll
0x60e40000 - 0x613f5000 	C:\Windows\system32\atiumdag.dll
0x614e0000 - 0x619be000 	C:\Windows\system32\atiumdva.dll
0x77030000 - 0x770bf000 	C:\Windows\system32\OLEAUT32.DLL
0x6d610000 - 0x6d623000 	C:\Program Files\Java\jre6\bin\net.dll
0x76e40000 - 0x76e75000 	C:\Windows\system32\WS2_32.dll
0x76ea0000 - 0x76ea6000 	C:\Windows\system32\NSI.dll
0x74ae0000 - 0x74b1c000 	C:\Windows\system32\mswsock.dll
0x74ad0000 - 0x74ad6000 	C:\Windows\System32\wship6.dll
0x6d630000 - 0x6d639000 	C:\Program Files\Java\jre6\bin\nio.dll
0x74600000 - 0x74605000 	C:\Windows\System32\wshtcpip.dll
0x6e960000 - 0x6e981000 	C:\Program Files\Bonjour\mdnsNSP.dll
0x729d0000 - 0x729ec000 	C:\Windows\system32\Iphlpapi.DLL
0x729c0000 - 0x729c7000 	C:\Windows\system32\WINNSI.DLL
0x749a0000 - 0x749e4000 	C:\Windows\system32\DNSAPI.dll
0x6e950000 - 0x6e956000 	C:\Windows\system32\rasadhlp.dll
0x730a0000 - 0x730d8000 	C:\Windows\System32\fwpuclnt.dll
0x072f0000 - 0x072f8000 	E:\Software\Internet Download Manager\idmmkb.dll
0x74b20000 - 0x74b36000 	C:\Windows\system32\CRYPTSP.dll
0x748c0000 - 0x748fb000 	C:\Windows\system32\rsaenh.dll
0x746d0000 - 0x746e7000 	C:\Windows\system32\USERENV.dll
0x75070000 - 0x7507b000 	C:\Windows\system32\profapi.dll
0x73060000 - 0x73070000 	C:\Windows\system32\NLAapi.dll
0x68910000 - 0x68920000 	C:\Windows\system32\napinsp.dll
0x688f0000 - 0x68902000 	C:\Windows\system32\pnrpnsp.dll
0x688e0000 - 0x688e8000 	C:\Windows\System32\winrnr.dll
0x6d790000 - 0x6d798000 	C:\Program Files\Java\jre6\bin\sunmscapi.dll
0x751a0000 - 0x752bd000 	C:\Windows\system32\CRYPT32.dll
0x750e0000 - 0x750ec000 	C:\Windows\system32\MSASN1.dll
0x07b20000 - 0x07b75000 	C:\Users\namnh00903\AppData\Local\Temp\tmp-mgr-7754898690375098867.tmp\jna1040641053826619713.dll
0x5d800000 - 0x5d951000 	C:\Program Files\Common Files\Apple\Mobile Device Support\iTunesMobileDevice.dll
0x6d300000 - 0x6d311000 	C:\Program Files\Common Files\Apple\Apple Application Support\ASL.dll
0x70e10000 - 0x70e97000 	C:\Windows\WinSxS\x86_microsoft.vc80.crt_1fc8b3b9a1e18e3b_8.0.50727.6195_none_d09154e044272b9a\MSVCP80.dll
0x70d70000 - 0x70e0b000 	C:\Windows\WinSxS\x86_microsoft.vc80.crt_1fc8b3b9a1e18e3b_8.0.50727.6195_none_d09154e044272b9a\MSVCR80.dll
0x70470000 - 0x70579000 	C:\Program Files\Common Files\Apple\Apple Application Support\CoreFoundation.dll
0x08080000 - 0x08090000 	C:\Program Files\Common Files\Apple\Apple Application Support\pthreadVC2.dll
0x08090000 - 0x08097000 	C:\Windows\system32\WSOCK32.dll
0x08e10000 - 0x08e2d000 	C:\Program Files\Common Files\Apple\Apple Application Support\objc.dll
0x08e40000 - 0x08e4e000 	C:\Program Files\Common Files\Apple\Apple Application Support\libdispatch.dll
0x08e60000 - 0x08f9a000 	C:\Program Files\Common Files\Apple\Apple Application Support\libicuin.dll
0x08fb0000 - 0x09093000 	C:\Program Files\Common Files\Apple\Apple Application Support\libicuuc.dll
0x4ad00000 - 0x4bc8b000 	C:\Program Files\Common Files\Apple\Apple Application Support\icudt46.dll
0x6cb60000 - 0x6cb74000 	C:\Program Files\Common Files\Apple\Apple Application Support\zlib1.dll
0x76300000 - 0x7649d000 	C:\Windows\system32\SETUPAPI.dll
0x752c0000 - 0x752e7000 	C:\Windows\system32\CFGMGR32.dll
0x750f0000 - 0x75102000 	C:\Windows\system32\DEVOBJ.dll
0x6c060000 - 0x6c2c0000 	C:\Program Files\Common Files\Apple\Apple Application Support\CFNetwork.dll
0x76ae0000 - 0x76bfb000 	C:\Windows\system32\WININET.dll
0x75430000 - 0x75433000 	C:\Windows\system32\Normaliz.dll
0x76610000 - 0x767c8000 	C:\Windows\system32\iertutil.dll
0x76090000 - 0x761a1000 	C:\Windows\system32\urlmon.dll
0x6bff0000 - 0x6c05f000 	C:\Program Files\Common Files\Apple\Apple Application Support\SQLite3.dll
0x6beb0000 - 0x6bfe3000 	C:\Program Files\Common Files\Apple\Apple Application Support\libxml2.dll
0x092b0000 - 0x092c5000 	C:\Windows\system32\dnssd.dll
0x74f80000 - 0x74f9b000 	C:\Windows\system32\SspiCli.dll
0x742b0000 - 0x742bd000 	C:\Windows\system32\Wtsapi32.dll
0x74790000 - 0x747b9000 	C:\Windows\system32\WINSTA.dll
0x752f0000 - 0x7531d000 	C:\Windows\system32\WINTRUST.dll
0x75060000 - 0x7506e000 	C:\Windows\system32\RpcRtRemote.dll

VM Arguments:
jvm_args: -Dexe4j.semaphoreName=c:_users_namnh00903_desktop_tinyumbrella-5.11.01.exe0 -Dexe4j.moduleName=C:\Users\namnh00903\Desktop\tinyumbrella-5.11.01.exe -Dexe4j.tempDir=C:\Users\NAMNH0~1\AppData\Local\Temp\e4jDCC7.tmp_dir -Dexe4j.unextractedPosition=2350715 -Djava.library.path=C:\Program Files\AMD APP\bin\x86;C:\Windows\system32;C:\Windows;C:\Windows\System32\Wbem;C:\Windows\System32\WindowsPowerShell\v1.0\;C:\Program Files\ATI Technologies\ATI.ACE\Core-Static;C:\Program Files\TortoiseSVN\bin;c:\program files\java\jre6\bin -Dexe4j.consoleCodepage=cp0 -DVERSION=5.11.01 -Dfile.encoding=UTF8 -Xmx512m -Xms128m 
java_command: C:\Users\namnh00903\Desktop\tinyumbrella-5.11.01.exe
Launcher Type: generic

Environment Variables:
PATH=C:\Program Files\Common Files\Apple\Mobile Device Support;C:\Program Files\Common Files\Apple\Apple Application Support\;C:\Program Files\AMD APP\bin\x86;C:\Windows\system32;C:\Windows;C:\Windows\System32\Wbem;C:\Windows\System32\WindowsPowerShell\v1.0\;C:\Program Files\ATI Technologies\ATI.ACE\Core-Static;C:\Program Files\TortoiseSVN\bin;c:\program files\java\jre6\bin
USERNAME=namnh00903
OS=Windows_NT
PROCESSOR_IDENTIFIER=x86 Family 16 Model 5 Stepping 2, AuthenticAMD



---------------  S Y S T E M  ---------------

OS: Windows 7 Build 7601 Service Pack 1

CPU:total 4 (4 cores per cpu, 1 threads per core) family 16 model 5 stepping 2, cmov, cx8, fxsr, mmx, sse, sse2, sse3, popcnt, mmxext, 3dnow, 3dnowext, lzcnt, sse4a

Memory: 4k page, physical 1834168k(925480k free), swap 3668336k(2262188k free)

vm_info: Java HotSpot(TM) Client VM (17.0-b17) for windows-x86 JRE (1.6.0_21-b07), built on Jul 17 2010 01:10:15 by "java_re" with MS VC++ 7.1 (VS2003)

time: Tue Jun 19 14:18:45 2012
elapsed time: 15 seconds

